<?xml version="1.0" encoding="UTF-8"?>
<testsuite name="com.example.securityserviceapi.SecurityserviceapiApplicationTests" tests="1" skipped="0" failures="0" errors="0" timestamp="2023-11-17T17:09:59" hostname="LAPTOP-ER6C9GQG" time="1.143">
  <properties/>
  <testcase name="contextLoads()" classname="com.example.securityserviceapi.SecurityserviceapiApplicationTests" time="1.143"/>
  <system-out><![CDATA[00:09:52.702 [Test worker] INFO org.springframework.test.context.support.AnnotationConfigContextLoaderUtils -- Could not detect default configuration classes for test class [com.example.securityserviceapi.SecurityserviceapiApplicationTests]: SecurityserviceapiApplicationTests does not declare any static, non-private, non-final, nested classes annotated with @Configuration.
00:09:52.817 [Test worker] INFO org.springframework.boot.test.context.SpringBootTestContextBootstrapper -- Found @SpringBootConfiguration com.example.securityserviceapi.SecurityserviceapiApplication for test class com.example.securityserviceapi.SecurityserviceapiApplicationTests

  .   ____          _            __ _ _
 /\\ / ___'_ __ _ _(_)_ __  __ _ \ \ \ \
( ( )\___ | '_ | '_| | '_ \/ _` | \ \ \ \
 \\/  ___)| |_)| | | | | || (_| |  ) ) ) )
  '  |____| .__|_| |_|_| |_\__, | / / / /
 =========|_|==============|___/=/_/_/_/
 :: Spring Boot ::                (v3.1.5)

2023-11-18T00:09:53.434+07:00  INFO 19624 --- [    Test worker] c.e.s.SecurityserviceapiApplicationTests : Starting SecurityserviceapiApplicationTests using Java 17.0.3.1 with PID 19624 (started by ASUS in C:\Users\ASUS\Desktop\security_service\securityserviceapi)
2023-11-18T00:09:53.436+07:00  INFO 19624 --- [    Test worker] c.e.s.SecurityserviceapiApplicationTests : No active profile set, falling back to 1 default profile: "default"
2023-11-18T00:09:54.334+07:00  INFO 19624 --- [    Test worker] .s.d.r.c.RepositoryConfigurationDelegate : Bootstrapping Spring Data JPA repositories in DEFAULT mode.
2023-11-18T00:09:54.423+07:00  INFO 19624 --- [    Test worker] .s.d.r.c.RepositoryConfigurationDelegate : Finished Spring Data repository scanning in 73 ms. Found 2 JPA repository interfaces.
2023-11-18T00:09:55.119+07:00  INFO 19624 --- [    Test worker] o.hibernate.jpa.internal.util.LogHelper  : HHH000204: Processing PersistenceUnitInfo [name: default]
2023-11-18T00:09:55.235+07:00  INFO 19624 --- [    Test worker] org.hibernate.Version                    : HHH000412: Hibernate ORM core version 6.2.13.Final
2023-11-18T00:09:55.237+07:00  INFO 19624 --- [    Test worker] org.hibernate.cfg.Environment            : HHH000406: Using bytecode reflection optimizer
2023-11-18T00:09:55.678+07:00  INFO 19624 --- [    Test worker] o.s.o.j.p.SpringPersistenceUnitInfo      : No LoadTimeWeaver setup: ignoring JPA class transformer
2023-11-18T00:09:55.708+07:00  INFO 19624 --- [    Test worker] com.zaxxer.hikari.HikariDataSource       : HikariPool-1 - Starting...
2023-11-18T00:09:56.267+07:00  INFO 19624 --- [    Test worker] com.zaxxer.hikari.pool.HikariPool        : HikariPool-1 - Added connection com.mysql.cj.jdbc.ConnectionImpl@f49e81a
2023-11-18T00:09:56.274+07:00  INFO 19624 --- [    Test worker] com.zaxxer.hikari.HikariDataSource       : HikariPool-1 - Start completed.
2023-11-18T00:09:56.340+07:00  WARN 19624 --- [    Test worker] org.hibernate.orm.deprecation            : HHH90000025: MySQL8Dialect does not need to be specified explicitly using 'hibernate.dialect' (remove the property setting and it will be selected by default)
2023-11-18T00:09:56.342+07:00  WARN 19624 --- [    Test worker] org.hibernate.orm.deprecation            : HHH90000026: MySQL8Dialect has been deprecated; use org.hibernate.dialect.MySQLDialect instead
2023-11-18T00:09:57.927+07:00  INFO 19624 --- [    Test worker] o.h.e.t.j.p.i.JtaPlatformInitiator       : HHH000489: No JTA platform available (set 'hibernate.transaction.jta.platform' to enable JTA platform integration)
2023-11-18T00:09:58.061+07:00  INFO 19624 --- [    Test worker] j.LocalContainerEntityManagerFactoryBean : Initialized JPA EntityManagerFactory for persistence unit 'default'
2023-11-18T00:09:58.778+07:00  WARN 19624 --- [    Test worker] JpaBaseConfiguration$JpaWebConfiguration : spring.jpa.open-in-view is enabled by default. Therefore, database queries may be performed during view rendering. Explicitly configure spring.jpa.open-in-view to disable this warning
2023-11-18T00:09:58.888+07:00  INFO 19624 --- [    Test worker] o.s.s.web.DefaultSecurityFilterChain     : Will secure any request with [org.springframework.security.web.session.DisableEncodeUrlFilter@5bbb0a25, org.springframework.security.web.context.request.async.WebAsyncManagerIntegrationFilter@244c0fbe, org.springframework.security.web.context.SecurityContextHolderFilter@e353e1d, org.springframework.security.web.header.HeaderWriterFilter@21b3d356, org.springframework.security.web.authentication.logout.LogoutFilter@64dfa1a3, com.example.securityserviceapi.filter.JwtAuthFilter@705dc1a6, org.springframework.security.web.savedrequest.RequestCacheAwareFilter@d4dbb34, org.springframework.security.web.servletapi.SecurityContextHolderAwareRequestFilter@5d10e2b6, org.springframework.security.web.authentication.AnonymousAuthenticationFilter@68aa1164, org.springframework.security.web.session.SessionManagementFilter@452a32f2, org.springframework.security.web.access.ExceptionTranslationFilter@21e15093, org.springframework.security.web.access.intercept.AuthorizationFilter@213bd66a]
2023-11-18T00:09:59.574+07:00  INFO 19624 --- [    Test worker] c.e.s.SecurityserviceapiApplicationTests : Started SecurityserviceapiApplicationTests in 6.547 seconds (process running for 8.836)
]]></system-out>
  <system-err><![CDATA[]]></system-err>
</testsuite>
